<?xml version="1.0" encoding="UTF-8"?>
<!-- Generated by org.testng.reporters.JUnitReportReporter -->
<testsuite hostname="LPT1289-B1" failures="0" tests="1" name="com.rest.sample.SampleGET" time="1.572" errors="0" timestamp="2023-10-29T15:52:32 IST" skipped="0">
  <testcase classname="com.rest.sample.SampleGET" name="simpleGet" time="1.572"/>
  <system-out/>
</testsuite> <!-- com.rest.sample.SampleGET -->
